app/build/outputs/mapping/release/seeds.txt
com.menti.workoutTimer.SettingsActivity
com.menti.workoutTimer.MainActivity
com.menti.workoutTimer.MainActivity: MainActivity()
com.menti.workoutTimer.SettingsActivity: SettingsActivity()
...
androidx.core.view.WindowInsetsCompat$Impl21: void setStableInsets(androidx.core.graphics.Insets)
androidx.appcompat.widget.ActionMenuView: android.view.Menu getMenu()
com.google.android.material.floatingactionbutton.ExtendedFloatingActionButton: void setShrinkMotionSpec(com.google.android.material.animation.MotionSpec)
androidx.core.view.ViewCompat$Api16Impl: int getImportantForAccessibility(android.view.View)
androidx.core.view.ViewCompat$Api19Impl: void setContentChangeTypes(android.view.accessibility.AccessibilityEvent,int)
androidx.appcompat.widget.AppCompatAutoCompleteTextView: void setEmojiCompatEnabled(boolean)
androidx.appcompat.widget.AppCompatEditText: void setEmojiCompatEnabled(boolean)
androidx.appcompat.widget.ActionBarOverlayLayout: void setWindowCallback(android.view.Window$Callback)
com.google.android.material.datepicker.MaterialDatePicker: MaterialDatePicker()
com.google.android.material.textfield.TextInputLayout: void setEnabled(boolean)
com.google.android.material.textfield.TextInputLayout: void setEndIconTintMode(android.graphics.PorterDuff$Mode)
androidx.appcompat.widget.SearchView$SearchAutoComplete: SearchView$SearchAutoComplete(android.content.Context,android.util.AttributeSet)
com.google.android.material.chip.Chip: void setCloseIconEndPaddingResource(int)
androidx.appcompat.app.AppCompatViewInflater: AppCompatViewInflater()
com.google.android.material.appbar.HeaderBehavior: HeaderBehavior(android.content.Context,android.util.AttributeSet)
com.google.android.material.textfield.TextInputLayout: void setPasswordVisibilityToggleEnabled(boolean)
com.google.android.material.floatingactionbutton.FloatingActionButton: void setEnsureMinTouchTargetSize(boolean)
androidx.appcompat.widget.LinearLayoutCompat: int getDividerPadding()
androidx.appcompat.widget.ActionBarOverlayLayout: void setShowingForActionMode(boolean)
androidx.recyclerview.widget.RecyclerView: void setScrollState(int)
com.google.android.material.datepicker.MaterialCalendar$CalendarSelector: com.google.android.material.datepicker.MaterialCalendar$CalendarSelector valueOf(java.lang.String)
com.google.android.material.textfield.TextInputLayout: android.content.res.ColorStateList getDefaultHintTextColor()
androidx.core.view.WindowInsetsCompat$BuilderImpl29: void setSystemGestureInsets(androidx.core.graphics.Insets)
androidx.appcompat.widget.SearchView: SearchView(android.content.Context,android.util.AttributeSet)
androidx.fragment.app.SpecialEffectsController$Operation$LifecycleImpact: androidx.fragment.app.SpecialEffectsController$Operation$LifecycleImpact[] values()
androidx.lifecycle.ProcessLifecycleOwner$3$1: ProcessLifecycleOwner$3$1(androidx.lifecycle.ProcessLifecycleOwner$3)
androidx.core.view.ViewCompat$Api23Impl: void setScrollIndicators(android.view.View,int,int)
androidx.core.view.ViewCompat$Api16Impl: void setBackground(android.view.View,android.graphics.drawable.Drawable)
androidx.core.view.ViewCompat$Api31Impl: androidx.core.view.ContentInfoCompat performReceiveContent(android.view.View,androidx.core.view.ContentInfoCompat)
com.google.android.material.snackbar.BaseTransientBottomBar$SnackbarBaseLayout: int getMaxInlineActionWidth()
com.google.android.material.floatingactionbutton.ExtendedFloatingActionButton: com.google.android.material.animation.MotionSpec getExtendMotionSpec()
androidx.appcompat.widget.AppCompatTextView: void setTextClassifier(android.view.textclassifier.TextClassifier)
com.google.android.material.textfield.TextInputLayout: void setBoxStrokeWidthFocused(int)
androidx.appcompat.widget.AppCompatAutoCompleteTextView: void setSupportBackgroundTintList(android.content.res.ColorStateList)
androidx.appcompat.widget.Toolbar: android.graphics.drawable.Drawable getOverflowIcon()
com.google.android.material.floatingactionbutton.ExtendedFloatingActionButton: void setExtendMotionSpecResource(int)