app/build/outputs/mapping/release/mapping.txt
# compiler: R8
# compiler_version: 2.2.71
# min_api: 24
# pg_map_id: cc35956
# common_typos_disable
com.menti.workoutTimer.-$$Lambda$MainActivity$5mnD27ctlay6Vgvxb1eOge8I8hY -> b.c.a.a:
# {"id":"sourceFile","fileName":"lambda"}
    com.menti.workoutTimer.MainActivity f$0 -> b
    1:1:void com.menti.workoutTimer.MainActivity.lambda$5mnD27ctlay6Vgvxb1eOge8I8hY(com.menti.workoutTimer.MainActivity,android.view.View):0:0 -> onClick
    1:1:void onClick(android.view.View):0 -> onClick
    2:2:void com.menti.workoutTimer.MainActivity.setupEventListeners$lambda-0(com.menti.workoutTimer.MainActivity,android.view.View):0:0 -> onClick
    2:2:void com.menti.workoutTimer.MainActivity.lambda$5mnD27ctlay6Vgvxb1eOge8I8hY(com.menti.workoutTimer.MainActivity,android.view.View):0 -> onClick
    2:2:void onClick(android.view.View):0 -> onClick
    3:3:void com.menti.workoutTimer.MainActivity.pauseTimer():0:0 -> onClick
    3:3:void com.menti.workoutTimer.MainActivity.setupEventListeners$lambda-0(com.menti.workoutTimer.MainActivity,android.view.View):0 -> onClick
    3:3:void com.menti.workoutTimer.MainActivity.lambda$5mnD27ctlay6Vgvxb1eOge8I8hY(com.menti.workoutTimer.MainActivity,android.view.View):0 -> onClick
    3:3:void onClick(android.view.View):0 -> onClick
    4:4:void com.menti.workoutTimer.MainActivity.startTimer():0:0 -> onClick
    4:4:void com.menti.workoutTimer.MainActivity.setupEventListeners$lambda-0(com.menti.workoutTimer.MainActivity,android.view.View):0 -> onClick
com.menti.workoutTimer.-$$Lambda$MainActivity$Bw5IQLNVzDCuJDQJqc6XbN8uC5M -> b.c.a.b:
# {"id":"sourceFile","fileName":"lambda"}
    com.menti.workoutTimer.MainActivity f$0 -> b
    1:1:void com.menti.workoutTimer.MainActivity.lambda$Bw5IQLNVzDCuJDQJqc6XbN8uC5M(com.menti.workoutTimer.MainActivity,android.view.View):0:0 -> onClick
    1:1:void onClick(android.view.View):0 -> onClick
    2:2:void com.menti.workoutTimer.MainActivity.setupEventListeners$lambda-2(com.menti.workoutTimer.MainActivity,android.view.View):0:0 -> onClick
    2:2:void com.menti.workoutTimer.MainActivity.lambda$Bw5IQLNVzDCuJDQJqc6XbN8uC5M(com.menti.workoutTimer.MainActivity,android.view.View):0 -> onClick
    2:2:void onClick(android.view.View):0 -> onClick
com.menti.workoutTimer.-$$Lambda$MainActivity$X4rtZ0fr-NYm8QAiEXXqXXvlFM4 -> b.c.a.c:
# {"id":"sourceFile","fileName":"lambda"}
    com.menti.workoutTimer.MainActivity f$0 -> b
    1:1:void com.menti.workoutTimer.MainActivity.lambda$X4rtZ0fr-NYm8QAiEXXqXXvlFM4(com.menti.workoutTimer.MainActivity,android.view.View):0:0 -> onClick
    1:1:void onClick(android.view.View):0 -> onClick
    2:2:void com.menti.workoutTimer.MainActivity.setupEventListeners$lambda-1(com.menti.workoutTimer.MainActivity,android.view.View):0:0 -> onClick
    2:2:void com.menti.workoutTimer.MainActivity.lambda$X4rtZ0fr-NYm8QAiEXXqXXvlFM4(com.menti.workoutTimer.MainActivity,android.view.View):0 -> onClick
    2:2:void onClick(android.view.View):0 -> onClick
...
com.google.android.material.textfield.TextInputLayout$SavedState -> com.google.android.material.textfield.TextInputLayout$h:
    java.lang.CharSequence error -> d
    boolean isEndIconChecked -> e
    java.lang.CharSequence hintText -> f
    java.lang.CharSequence helperText -> g
    java.lang.CharSequence placeholderText -> h
    1:1:void androidx.customview.view.AbsSavedState.writeToParcel(android.os.Parcel,int):0:0 -> writeToParcel
    1:1:void writeToParcel(android.os.Parcel,int):0 -> writeToParcel
    2:2:void writeToParcel(android.os.Parcel,int):0:0 -> writeToParcel
com.google.android.material.textfield.TextInputLayout$SavedState$1 -> com.google.android.material.textfield.TextInputLayout$h$a:
    1:1:com.google.android.material.textfield.TextInputLayout$SavedState createFromParcel(android.os.Parcel):0:0 -> createFromParcel
    1:1:java.lang.Object createFromParcel(android.os.Parcel):0 -> createFromParcel
    2:2:com.google.android.material.textfield.TextInputLayout$SavedState createFromParcel(android.os.Parcel,java.lang.ClassLoader):0:0 -> createFromParcel
    2:2:java.lang.Object createFromParcel(android.os.Parcel,java.lang.ClassLoader):0 -> createFromParcel
    1:1:com.google.android.material.textfield.TextInputLayout$SavedState[] newArray(int):0:0 -> newArray
    1:1:java.lang.Object[] newArray(int):0 -> newArray
com.google.android.material.textview.MaterialTextView -> com.google.android.material.textview.MaterialTextView:
    1:1:void <init>(android.content.Context,android.util.AttributeSet,int,int):0:0 -> <init>
    1:1:void <init>(android.content.Context,android.util.AttributeSet,int):0 -> <init>
    1:1:void <init>(android.content.Context,android.util.AttributeSet):0 -> <init>
    2:2:boolean canApplyTextAppearanceLineHeight(android.content.Context):0:0 -> <init>
    2:2:void <init>(android.content.Context,android.util.AttributeSet,int,int):0 -> <init>
    2:2:void <init>(android.content.Context,android.util.AttributeSet,int):0 -> <init>
    2:2:void <init>(android.content.Context,android.util.AttributeSet):0 -> <init>
    3:3:void <init>(android.content.Context,android.util.AttributeSet,int,int):0:0 -> <init>
    3:3:void <init>(android.content.Context,android.util.AttributeSet,int):0 -> <init>
    3:3:void <init>(android.content.Context,android.util.AttributeSet):0 -> <init>
    4:4:boolean viewAttrsHasLineHeight(android.content.Context,android.content.res.Resources$Theme,android.util.AttributeSet,int,int):0:0 -> <init>
    4:4:void <init>(android.content.Context,android.util.AttributeSet,int,int):0 -> <init>
    4:4:void <init>(android.content.Context,android.util.AttributeSet,int):0 -> <init>
    4:4:void <init>(android.content.Context,android.util.AttributeSet):0 -> <init>
com.google.android.material.theme.MaterialComponentsViewInflater -> com.google.android.material.theme.MaterialComponentsViewInflater:
    androidx.appcompat.widget.AppCompatAutoCompleteTextView createAutoCompleteTextView(android.content.Context,android.util.AttributeSet) -> a
    androidx.appcompat.widget.AppCompatButton createButton(android.content.Context,android.util.AttributeSet) -> b
    androidx.appcompat.widget.AppCompatCheckBox createCheckBox(android.content.Context,android.util.AttributeSet) -> c
    androidx.appcompat.widget.AppCompatRadioButton createRadioButton(android.content.Context,android.util.AttributeSet) -> d
    androidx.appcompat.widget.AppCompatTextView createTextView(android.content.Context,android.util.AttributeSet) -> e