app/build/outputs/mapping/release/usage.txt
com.menti.workoutTimer.BuildConfig
com.menti.workoutTimer.R$anim
com.menti.workoutTimer.R$animator
com.menti.workoutTimer.R$attr
com.menti.workoutTimer.R$bool
com.menti.workoutTimer.R$color
com.menti.workoutTimer.R$dimen
com.menti.workoutTimer.R$drawable
com.menti.workoutTimer.R$id
com.menti.workoutTimer.R$integer
com.menti.workoutTimer.R$interpolator
com.menti.workoutTimer.R$layout
com.menti.workoutTimer.R$menu
com.menti.workoutTimer.R$plurals
com.menti.workoutTimer.R$string
com.menti.workoutTimer.R$style
com.menti.workoutTimer.R$styleable
com.menti.workoutTimer.R$xml
com.menti.workoutTimer.R
com.menti.workoutTimer.WorkoutPreferences:
    public static final int DEFAULT_REST_DURATION
    public static final int DEFAULT_ROUNDS
    public static final int DEFAULT_WORKOUT_DURATION
    private static final java.lang.String KEY_REST_DURATION
    private static final java.lang.String KEY_ROUNDS
    private static final java.lang.String KEY_WORKOUT_DURATION
    private static final java.lang.String PREFS_NAME
com.menti.workoutTimer.databinding.ActivityMainBinding
com.menti.workoutTimer.databinding.ActivitySettingsBinding
com.menti.workoutTimer.MainActivity:
    public long originalTimeInMillis
    public static final void access$advanceToNextPhase(com.menti.workoutTimer.MainActivity)
    public static final synthetic void access$setTimeLeftInMillis$p(com.menti.workoutTimer.MainActivity,long)
    public static final synthetic void access$updateCountdownUI(com.menti.workoutTimer.MainActivity)
    public static final void access$vibratePhone(com.menti.workoutTimer.MainActivity)
    public final void advanceToNextPhase()
    public final void initializeUI()
    public static void lambda$5mnD27ctlay6Vgvxb1eOge8I8hY(com.menti.workoutTimer.MainActivity,android.view.View)
    public static void lambda$Bw5IQLNVzDCuJDQJqc6XbN8uC5M(com.menti.workoutTimer.MainActivity,android.view.View)
    public static void lambda$X4rtZ0fr-NYm8QAiEXXqXXvlFM4(com.menti.workoutTimer.MainActivity,android.view.View)
    public final void pauseTimer()
    public final void setupEventListeners()
    public static final void setupEventListeners$lambda-0(com.menti.workoutTimer.MainActivity,android.view.View)
    public static final void setupEventListeners$lambda-1(com.menti.workoutTimer.MainActivity,android.view.View)
    public static final void setupEventListeners$lambda-2(com.menti.workoutTimer.MainActivity,android.view.View)
    public final void startTimer()
    public final void vibratePhone()
    public final void workoutComplete()
com.menti.workoutTimer.SettingsActivity:
    public static void lambda$xaK-2BqrMZHolH_HSYWEm0lIPqE(com.menti.workoutTimer.SettingsActivity,android.view.View)
    public final void loadSettings()
    public static final void onCreate$lambda-0(com.menti.workoutTimer.SettingsActivity,android.view.View)
    public final void saveSettings()
    public final boolean validateInputs()
com.menti.workoutTimer.WorkoutPreferences$Companion
com.menti.workoutTimer.WorkoutPreferences:
    public static final com.menti.workoutTimer.WorkoutPreferences$Companion Companion
    public static void <clinit>()
    public final int getRestDuration()
    public final void setRestDuration(int)
    public final void setRounds(int)
    public final void setWorkoutDuration(int)
...
androidx.recyclerview.widget.ScrollbarHelper:
    private void <init>()
androidx.recyclerview.widget.SimpleItemAnimator:
    private static final boolean DEBUG
    private static final java.lang.String TAG
    public boolean getSupportsChangeAnimations()
    public void setSupportsChangeAnimations(boolean)
androidx.recyclerview.widget.SnapHelper$2
androidx.recyclerview.widget.SnapHelper:
    static final float MILLISECONDS_PER_INCH
    public int[] calculateScrollDistance(int,int)
androidx.recyclerview.widget.SortedList$BatchedCallback
androidx.recyclerview.widget.SortedList$Callback
androidx.recyclerview.widget.SortedList
androidx.recyclerview.widget.SortedListAdapterCallback
androidx.recyclerview.widget.StaggeredGridLayoutManager$LayoutParams:
    public static final int INVALID_SPAN_ID
    public void <init>(androidx.recyclerview.widget.RecyclerView$LayoutParams)
    public void setFullSpan(boolean)
androidx.recyclerview.widget.StaggeredGridLayoutManager$LazySpanLookup:
    private static final int MIN_SIZE
androidx.recyclerview.widget.StaggeredGridLayoutManager$Span:
    static final int INVALID_LINE
    public int findFirstCompletelyVisibleItemPosition()
    public int findFirstVisibleItemPosition()
    public int findLastCompletelyVisibleItemPosition()
    public int findLastVisibleItemPosition()
    int findOneVisibleChild(int,int,boolean)
androidx.recyclerview.widget.StaggeredGridLayoutManager:
    static final boolean DEBUG
    public static final int GAP_HANDLING_LAZY
    public static final int GAP_HANDLING_MOVE_ITEMS_BETWEEN_SPANS
    public static final int GAP_HANDLING_NONE
    public static final int HORIZONTAL
    static final int INVALID_OFFSET
    private static final float MAX_SCROLL_FACTOR
    private static final java.lang.String TAG
    public static final int VERTICAL
    public void <init>(int,int)
    public int[] findFirstCompletelyVisibleItemPositions(int[])
    public int[] findFirstVisibleItemPositions(int[])
    public int[] findLastCompletelyVisibleItemPositions(int[])
    public int[] findLastVisibleItemPositions(int[])
    public int getGapStrategy()
    public int getOrientation()
    public boolean getReverseLayout()
    public int getSpanCount()
    public void scrollToPositionWithOffset(int,int)
    public void setGapStrategy(int)
androidx.recyclerview.widget.ThreadUtil$BackgroundCallback
androidx.recyclerview.widget.ThreadUtil$MainThreadCallback
androidx.recyclerview.widget.ThreadUtil
androidx.recyclerview.widget.TileList$Tile
androidx.recyclerview.widget.TileList
androidx.recyclerview.widget.ViewBoundsCheck$ViewBounds
androidx.recyclerview.widget.ViewBoundsCheck:
    static final int CVE_PVE_POS
    static final int CVE_PVS_POS
    static final int CVS_PVE_POS
    static final int CVS_PVS_POS
    static final int EQ
    static final int FLAG_CVE_EQ_PVE
    static final int FLAG_CVE_EQ_PVS
    static final int FLAG_CVE_GT_PVE
    static final int FLAG_CVE_GT_PVS
    static final int FLAG_CVE_LT_PVE
    static final int FLAG_CVE_LT_PVS
    static final int FLAG_CVS_EQ_PVE
    static final int FLAG_CVS_EQ_PVS
    static final int FLAG_CVS_GT_PVE
    static final int FLAG_CVS_GT_PVS
    static final int FLAG_CVS_LT_PVE
    static final int FLAG_CVS_LT_PVS
    static final int GT
    static final int LT
    static final int MASK
androidx.recyclerview.widget.ViewInfoStore$InfoRecord:
    static final int FLAG_APPEAR
    static final int FLAG_APPEAR_AND_DISAPPEAR
    static final int FLAG_APPEAR_PRE_AND_POST
    static final int FLAG_DISAPPEARED
    static final int FLAG_POST
    static final int FLAG_PRE
    static final int FLAG_PRE_AND_POST
androidx.recyclerview.widget.ViewInfoStore:
    private static final boolean DEBUG
androidx.resourceinspection.annotation.AppCompatShadowedAttributes
androidx.resourceinspection.annotation.Attribute$IntMap
androidx.resourceinspection.annotation.Attribute
androidx.savedstate.R$id:
    private void <init>()
androidx.savedstate.R